# JRE version: Java(TM) SE Runtime Environment (8.0_221-b11) (build 1.8.0_221-b11)
# Java VM: Java HotSpot(TM) 64-Bit Server VM (25.221-b11 mixed mode linux-amd64 compressed oops)
Heap:
 PSYoungGen      total 138240K, used 11250K [0x00000000eab00000, 0x00000000f8100000, 0x0000000100000000)
  eden space 126976K, 0% used [0x00000000eab00000,0x00000000eab00000,0x00000000f2700000)
  from space 11264K, 99% used [0x00000000f7600000,0x00000000f80fc808,0x00000000f8100000)
  to   space 8192K, 0% used [0x00000000f2700000,0x00000000f2700000,0x00000000f2f00000)
 ParOldGen       total 78848K, used 77107K [0x00000000c0000000, 0x00000000c4d00000, 0x00000000eab00000)
  object space 78848K, 97% used [0x00000000c0000000,0x00000000c4b4cc38,0x00000000c4d00000)
 Metaspace       used 31440K, capacity 31670K, committed 31872K, reserved 1077248K
  class space    used 4569K, capacity 4647K, committed 4736K, reserved 1048576K
GC Heap History (10 events):
Event: 9.201 GC heap after
Heap after GC invocations=4 (full 0):
 PSYoungGen      total 70656K, used 4528K [0x00000000eab00000, 0x00000000ef500000, 0x0000000100000000)
  eden space 65536K, 0% used [0x00000000eab00000,0x00000000eab00000,0x00000000eeb00000)
  from space 5120K, 88% used [0x00000000ef000000,0x00000000ef46c2e8,0x00000000ef500000)
  to   space 5120K, 0% used [0x00000000eeb00000,0x00000000eeb00000,0x00000000ef000000)
 ParOldGen       total 86016K, used 1178K [0x00000000c0000000, 0x00000000c5400000, 0x00000000eab00000)
  object space 86016K, 1% used [0x00000000c0000000,0x00000000c0126af8,0x00000000c5400000)
 Metaspace       used 15867K, capacity 15984K, committed 16128K, reserved 1062912K
  class space    used 2232K, capacity 2258K, committed 2304K, reserved 1048576K
}
Event: 12.021 GC heap before
{Heap before GC invocations=5 (full 0):
 PSYoungGen      total 70656K, used 52864K [0x00000000eab00000, 0x00000000ef500000, 0x0000000100000000)
  eden space 65536K, 73% used [0x00000000eab00000,0x00000000eda33ec0,0x00000000eeb00000)
  from space 5120K, 88% used [0x00000000ef000000,0x00000000ef46c2e8,0x00000000ef500000)
  to   space 5120K, 0% used [0x00000000eeb00000,0x00000000eeb00000,0x00000000ef000000)
 ParOldGen       total 86016K, used 1178K [0x00000000c0000000, 0x00000000c5400000, 0x00000000eab00000)
  object space 86016K, 1% used [0x00000000c0000000,0x00000000c0126af8,0x00000000c5400000)
 Metaspace       used 20970K, capacity 21104K, committed 21296K, reserved 1067008K
  class space    used 2852K, capacity 2918K, committed 2944K, reserved 1048576K
Event: 12.070 GC heap after
Heap after GC invocations=5 (full 0):
 PSYoungGen      total 70656K, used 5111K [0x00000000eab00000, 0x00000000f3b00000, 0x0000000100000000)
  eden space 65536K, 0% used [0x00000000eab00000,0x00000000eab00000,0x00000000eeb00000)
  from space 5120K, 99% used [0x00000000eeb00000,0x00000000eeffde40,0x00000000ef000000)
  to   space 8192K, 0% used [0x00000000f3300000,0x00000000f3300000,0x00000000f3b00000)
 ParOldGen       total 86016K, used 3713K [0x00000000c0000000, 0x00000000c5400000, 0x00000000eab00000)
  object space 86016K, 4% used [0x00000000c0000000,0x00000000c03a0490,0x00000000c5400000)
 Metaspace       used 20970K, capacity 21104K, committed 21296K, reserved 1067008K
  class space    used 2852K, capacity 2918K, committed 2944K, reserved 1048576K
}
Event: 12.070 GC heap before
{Heap before GC invocations=6 (full 1):
 PSYoungGen      total 70656K, used 5111K [0x00000000eab00000, 0x00000000f3b00000, 0x0000000100000000)
  eden space 65536K, 0% used [0x00000000eab00000,0x00000000eab00000,0x00000000eeb00000)
  from space 5120K, 99% used [0x00000000eeb00000,0x00000000eeffde40,0x00000000ef000000)
  to   space 8192K, 0% used [0x00000000f3300000,0x00000000f3300000,0x00000000f3b00000)
 ParOldGen       total 86016K, used 3713K [0x00000000c0000000, 0x00000000c5400000, 0x00000000eab00000)
  object space 86016K, 4% used [0x00000000c0000000,0x00000000c03a0490,0x00000000c5400000)
 Metaspace       used 20970K, capacity 21104K, committed 21296K, reserved 1067008K
  class space    used 2852K, capacity 2918K, committed 2944K, reserved 1048576K
Event: 12.181 GC heap after
Heap after GC invocations=6 (full 1):
 PSYoungGen      total 70656K, used 0K [0x00000000eab00000, 0x00000000f3b00000, 0x0000000100000000)
  eden space 65536K, 0% used [0x00000000eab00000,0x00000000eab00000,0x00000000eeb00000)
  from space 5120K, 0% used [0x00000000eeb00000,0x00000000eeb00000,0x00000000ef000000)
  to   space 8192K, 0% used [0x00000000f3300000,0x00000000f3300000,0x00000000f3b00000)
 ParOldGen       total 50688K, used 7384K [0x00000000c0000000, 0x00000000c3180000, 0x00000000eab00000)
  object space 50688K, 14% used [0x00000000c0000000,0x00000000c0736320,0x00000000c3180000)
 Metaspace       used 20970K, capacity 21104K, committed 21296K, reserved 1067008K
  class space    used 2852K, capacity 2918K, committed 2944K, reserved 1048576K
}
Event: 13.848 GC heap before
{Heap before GC invocations=7 (full 1):
 PSYoungGen      total 70656K, used 65536K [0x00000000eab00000, 0x00000000f3b00000, 0x0000000100000000)
  eden space 65536K, 100% used [0x00000000eab00000,0x00000000eeb00000,0x00000000eeb00000)
  from space 5120K, 0% used [0x00000000eeb00000,0x00000000eeb00000,0x00000000ef000000)
  to   space 8192K, 0% used [0x00000000f3300000,0x00000000f3300000,0x00000000f3b00000)
 ParOldGen       total 50688K, used 7384K [0x00000000c0000000, 0x00000000c3180000, 0x00000000eab00000)
  object space 50688K, 14% used [0x00000000c0000000,0x00000000c0736320,0x00000000c3180000)
 Metaspace       used 23703K, capacity 23830K, committed 24064K, reserved 1071104K
  class space    used 3225K, capacity 3271K, committed 3328K, reserved 1048576K
Event: 13.862 GC heap after
Heap after GC invocations=7 (full 1):
 PSYoungGen      total 118784K, used 3949K [0x00000000eab00000, 0x00000000f3700000, 0x0000000100000000)
  eden space 114688K, 0% used [0x00000000eab00000,0x00000000eab00000,0x00000000f1b00000)
  from space 4096K, 96% used [0x00000000f3300000,0x00000000f36db650,0x00000000f3700000)
  to   space 8192K, 0% used [0x00000000f2700000,0x00000000f2700000,0x00000000f2f00000)
 ParOldGen       total 50688K, used 7384K [0x00000000c0000000, 0x00000000c3180000, 0x00000000eab00000)
  object space 50688K, 14% used [0x00000000c0000000,0x00000000c0736320,0x00000000c3180000)
 Metaspace       used 23703K, capacity 23830K, committed 24064K, reserved 1071104K
  class space    used 3225K, capacity 3271K, committed 3328K, reserved 1048576K
}
Event: 18.937 GC heap before
{Heap before GC invocations=8 (full 1):
 PSYoungGen      total 118784K, used 118637K [0x00000000eab00000, 0x00000000f3700000, 0x0000000100000000)
  eden space 114688K, 100% used [0x00000000eab00000,0x00000000f1b00000,0x00000000f1b00000)
  from space 4096K, 96% used [0x00000000f3300000,0x00000000f36db650,0x00000000f3700000)
  to   space 8192K, 0% used [0x00000000f2700000,0x00000000f2700000,0x00000000f2f00000)
 ParOldGen       total 50688K, used 7384K [0x00000000c0000000, 0x00000000c3180000, 0x00000000eab00000)
  object space 50688K, 14% used [0x00000000c0000000,0x00000000c0736320,0x00000000c3180000)
 Metaspace       used 31400K, capacity 31606K, committed 31872K, reserved 1077248K
  class space    used 4567K, capacity 4647K, committed 4736K, reserved 1048576K
Event: 18.997 GC heap after
Heap after GC invocations=8 (full 1):
 PSYoungGen      total 135168K, used 8174K [0x00000000eab00000, 0x00000000f8100000, 0x0000000100000000)
  eden space 126976K, 0% used [0x00000000eab00000,0x00000000eab00000,0x00000000f2700000)
  from space 8192K, 99% used [0x00000000f2700000,0x00000000f2efbb00,0x00000000f2f00000)
  to   space 11264K, 0% used [0x00000000f7600000,0x00000000f7600000,0x00000000f8100000)
 ParOldGen       total 50688K, used 11554K [0x00000000c0000000, 0x00000000c3180000, 0x00000000eab00000)
  object space 50688K, 22% used [0x00000000c0000000,0x00000000c0b489f8,0x00000000c3180000)
 Metaspace       used 31400K, capacity 31606K, committed 31872K, reserved 1077248K
  class space    used 4567K, capacity 4647K, committed 4736K, reserved 1048576K
}
Event: 20.179 GC heap before
{Heap before GC invocations=9 (full 1):
 PSYoungGen      total 135168K, used 135150K [0x00000000eab00000, 0x00000000f8100000, 0x0000000100000000)
  eden space 126976K, 100% used [0x00000000eab00000,0x00000000f2700000,0x00000000f2700000)
  from space 8192K, 99% used [0x00000000f2700000,0x00000000f2efbb00,0x00000000f2f00000)
  to   space 11264K, 0% used [0x00000000f7600000,0x00000000f7600000,0x00000000f8100000)
 ParOldGen       total 50688K, used 11554K [0x00000000c0000000, 0x00000000c3180000, 0x00000000eab00000)
  object space 50688K, 22% used [0x00000000c0000000,0x00000000c0b489f8,0x00000000c3180000)
 Metaspace       used 31440K, capacity 31670K, committed 31872K, reserved 1077248K
  class space    used 4569K, capacity 4647K, committed 4736K, reserved 1048576K

