# JRE version: Java(TM) SE Runtime Environment (8.0_221-b11) (build 1.8.0_221-b11)
# Java VM: Java HotSpot(TM) 64-Bit Server VM (25.221-b11 mixed mode linux-amd64 compressed oops)
Heap:
 PSYoungGen      total 52736K, used 3581K [0x00000000f5580000, 0x00000000f8c80000, 0x0000000100000000)
  eden space 49152K, 0% used [0x00000000f5580000,0x00000000f5580000,0x00000000f8580000)
  from space 3584K, 99% used [0x00000000f8580000,0x00000000f88ff580,0x00000000f8900000)
  to   space 3584K, 0% used [0x00000000f8900000,0x00000000f8900000,0x00000000f8c80000)
 ParOldGen       total 64512K, used 5912K [0x00000000e0000000, 0x00000000e3f00000, 0x00000000f5580000)
  object space 64512K, 9% used [0x00000000e0000000,0x00000000e05c6358,0x00000000e3f00000)
 Metaspace       used 15101K, capacity 15296K, committed 15488K, reserved 1062912K
  class space    used 1807K, capacity 1896K, committed 1920K, reserved 1048576K
GC Heap History (5 events):
Event: 0.870 GC heap before
{Heap before GC invocations=1 (full 0):
 PSYoungGen      total 28160K, used 24576K [0x00000000f5580000, 0x00000000f7480000, 0x0000000100000000)
  eden space 24576K, 100% used [0x00000000f5580000,0x00000000f6d80000,0x00000000f6d80000)
  from space 3584K, 0% used [0x00000000f7100000,0x00000000f7100000,0x00000000f7480000)
  to   space 3584K, 0% used [0x00000000f6d80000,0x00000000f6d80000,0x00000000f7100000)
 ParOldGen       total 64512K, used 0K [0x00000000e0000000, 0x00000000e3f00000, 0x00000000f5580000)
  object space 64512K, 0% used [0x00000000e0000000,0x00000000e0000000,0x00000000e3f00000)
 Metaspace       used 7461K, capacity 7682K, committed 7936K, reserved 1056768K
  class space    used 888K, capacity 963K, committed 1024K, reserved 1048576K
Event: 0.885 GC heap after
Heap after GC invocations=1 (full 0):
 PSYoungGen      total 28160K, used 3582K [0x00000000f5580000, 0x00000000f8c80000, 0x0000000100000000)
  eden space 24576K, 0% used [0x00000000f5580000,0x00000000f5580000,0x00000000f6d80000)
  from space 3584K, 99% used [0x00000000f6d80000,0x00000000f70ffb38,0x00000000f7100000)
  to   space 3584K, 0% used [0x00000000f8900000,0x00000000f8900000,0x00000000f8c80000)
 ParOldGen       total 64512K, used 408K [0x00000000e0000000, 0x00000000e3f00000, 0x00000000f5580000)
  object space 64512K, 0% used [0x00000000e0000000,0x00000000e0066328,0x00000000e3f00000)
 Metaspace       used 7461K, capacity 7682K, committed 7936K, reserved 1056768K
  class space    used 888K, capacity 963K, committed 1024K, reserved 1048576K
}
Event: 1.236 GC heap before
{Heap before GC invocations=2 (full 0):
 PSYoungGen      total 28160K, used 28158K [0x00000000f5580000, 0x00000000f8c80000, 0x0000000100000000)
  eden space 24576K, 100% used [0x00000000f5580000,0x00000000f6d80000,0x00000000f6d80000)
  from space 3584K, 99% used [0x00000000f6d80000,0x00000000f70ffb38,0x00000000f7100000)
  to   space 3584K, 0% used [0x00000000f8900000,0x00000000f8900000,0x00000000f8c80000)
 ParOldGen       total 64512K, used 408K [0x00000000e0000000, 0x00000000e3f00000, 0x00000000f5580000)
  object space 64512K, 0% used [0x00000000e0000000,0x00000000e0066328,0x00000000e3f00000)
 Metaspace       used 9959K, capacity 10184K, committed 10368K, reserved 1058816K
  class space    used 1205K, capacity 1284K, committed 1408K, reserved 1048576K
Event: 1.240 GC heap after
Heap after GC invocations=2 (full 0):
 PSYoungGen      total 52736K, used 3570K [0x00000000f5580000, 0x00000000f8c80000, 0x0000000100000000)
  eden space 49152K, 0% used [0x00000000f5580000,0x00000000f5580000,0x00000000f8580000)
  from space 3584K, 99% used [0x00000000f8900000,0x00000000f8c7cb48,0x00000000f8c80000)
  to   space 3584K, 0% used [0x00000000f8580000,0x00000000f8580000,0x00000000f8900000)
 ParOldGen       total 64512K, used 1594K [0x00000000e0000000, 0x00000000e3f00000, 0x00000000f5580000)
  object space 64512K, 2% used [0x00000000e0000000,0x00000000e018e8e0,0x00000000e3f00000)
 Metaspace       used 9959K, capacity 10184K, committed 10368K, reserved 1058816K
  class space    used 1205K, capacity 1284K, committed 1408K, reserved 1048576K
}
Event: 1.909 GC heap before
{Heap before GC invocations=3 (full 0):
 PSYoungGen      total 52736K, used 52722K [0x00000000f5580000, 0x00000000f8c80000, 0x0000000100000000)
  eden space 49152K, 100% used [0x00000000f5580000,0x00000000f8580000,0x00000000f8580000)
  from space 3584K, 99% used [0x00000000f8900000,0x00000000f8c7cb48,0x00000000f8c80000)
  to   space 3584K, 0% used [0x00000000f8580000,0x00000000f8580000,0x00000000f8900000)
 ParOldGen       total 64512K, used 1594K [0x00000000e0000000, 0x00000000e3f00000, 0x00000000f5580000)
  object space 64512K, 2% used [0x00000000e0000000,0x00000000e018e8e0,0x00000000e3f00000)
 Metaspace       used 15101K, capacity 15296K, committed 15488K, reserved 1062912K
  class space    used 1807K, capacity 1896K, committed 1920K, reserved 1048576K

