# JRE version: Java(TM) SE Runtime Environment (8.0_221-b11) (build 1.8.0_221-b11)
# Java VM: Java HotSpot(TM) 64-Bit Server VM (25.221-b11 mixed mode linux-amd64 compressed oops)
Heap:
 PSYoungGen      total 263168K, used 0K [0x00000000eab00000, 0x0000000100000000, 0x0000000100000000)
  eden space 222208K, 0% used [0x00000000eab00000,0x00000000eab00000,0x00000000f8400000)
  from space 40960K, 0% used [0x00000000f8400000,0x00000000f8400000,0x00000000fac00000)
  to   space 43520K, 0% used [0x00000000fd580000,0x00000000fd580000,0x0000000100000000)
 ParOldGen       total 124416K, used 117855K [0x00000000c0000000, 0x00000000c7980000, 0x00000000eab00000)
  object space 124416K, 94% used [0x00000000c0000000,0x00000000c7317c10,0x00000000c7980000)
 Metaspace       used 48868K, capacity 49064K, committed 49536K, reserved 1091584K
  class space    used 6941K, capacity 7026K, committed 7040K, reserved 1048576K
GC Heap History (10 events):
Event: 6.028 GC heap after
Heap after GC invocations=9 (full 1):
 PSYoungGen      total 171008K, used 7219K [0x00000000eab00000, 0x00000000f7b00000, 0x0000000100000000)
  eden space 163328K, 0% used [0x00000000eab00000,0x00000000eab00000,0x00000000f4a80000)
  from space 7680K, 94% used [0x00000000f7380000,0x00000000f7a8cd20,0x00000000f7b00000)
  to   space 9216K, 0% used [0x00000000f6900000,0x00000000f6900000,0x00000000f7200000)
 ParOldGen       total 43520K, used 7865K [0x00000000c0000000, 0x00000000c2a80000, 0x00000000eab00000)
  object space 43520K, 18% used [0x00000000c0000000,0x00000000c07ae798,0x00000000c2a80000)
 Metaspace       used 26669K, capacity 26876K, committed 27008K, reserved 1073152K
  class space    used 3603K, capacity 3688K, committed 3712K, reserved 1048576K
}
Event: 7.134 GC heap before
{Heap before GC invocations=10 (full 1):
 PSYoungGen      total 171008K, used 170547K [0x00000000eab00000, 0x00000000f7b00000, 0x0000000100000000)
  eden space 163328K, 100% used [0x00000000eab00000,0x00000000f4a80000,0x00000000f4a80000)
  from space 7680K, 94% used [0x00000000f7380000,0x00000000f7a8cd20,0x00000000f7b00000)
  to   space 9216K, 0% used [0x00000000f6900000,0x00000000f6900000,0x00000000f7200000)
 ParOldGen       total 43520K, used 7865K [0x00000000c0000000, 0x00000000c2a80000, 0x00000000eab00000)
  object space 43520K, 18% used [0x00000000c0000000,0x00000000c07ae798,0x00000000c2a80000)
 Metaspace       used 32149K, capacity 32380K, committed 32640K, reserved 1077248K
  class space    used 4573K, capacity 4648K, committed 4736K, reserved 1048576K
Event: 7.178 GC heap after
Heap after GC invocations=10 (full 1):
 PSYoungGen      total 203776K, used 9204K [0x00000000eab00000, 0x00000000fc700000, 0x0000000100000000)
  eden space 194560K, 0% used [0x00000000eab00000,0x00000000eab00000,0x00000000f6900000)
  from space 9216K, 99% used [0x00000000f6900000,0x00000000f71fd090,0x00000000f7200000)
  to   space 27648K, 0% used [0x00000000fac00000,0x00000000fac00000,0x00000000fc700000)
 ParOldGen       total 52224K, used 51713K [0x00000000c0000000, 0x00000000c3300000, 0x00000000eab00000)
  object space 52224K, 99% used [0x00000000c0000000,0x00000000c32806c0,0x00000000c3300000)
 Metaspace       used 32149K, capacity 32380K, committed 32640K, reserved 1077248K
  class space    used 4573K, capacity 4648K, committed 4736K, reserved 1048576K
}
Event: 7.178 GC heap before
{Heap before GC invocations=11 (full 2):
 PSYoungGen      total 203776K, used 9204K [0x00000000eab00000, 0x00000000fc700000, 0x0000000100000000)
  eden space 194560K, 0% used [0x00000000eab00000,0x00000000eab00000,0x00000000f6900000)
  from space 9216K, 99% used [0x00000000f6900000,0x00000000f71fd090,0x00000000f7200000)
  to   space 27648K, 0% used [0x00000000fac00000,0x00000000fac00000,0x00000000fc700000)
 ParOldGen       total 52224K, used 51713K [0x00000000c0000000, 0x00000000c3300000, 0x00000000eab00000)
  object space 52224K, 99% used [0x00000000c0000000,0x00000000c32806c0,0x00000000c3300000)
 Metaspace       used 32149K, capacity 32380K, committed 32640K, reserved 1077248K
  class space    used 4573K, capacity 4648K, committed 4736K, reserved 1048576K
Event: 7.309 GC heap after
Heap after GC invocations=11 (full 2):
 PSYoungGen      total 203776K, used 4076K [0x00000000eab00000, 0x00000000fc700000, 0x0000000100000000)
  eden space 194560K, 0% used [0x00000000eab00000,0x00000000eab00000,0x00000000f6900000)
  from space 9216K, 44% used [0x00000000f6900000,0x00000000f6cfb0d8,0x00000000f7200000)
  to   space 27648K, 0% used [0x00000000fac00000,0x00000000fac00000,0x00000000fc700000)
 ParOldGen       total 124416K, used 51973K [0x00000000c0000000, 0x00000000c7980000, 0x00000000eab00000)
  object space 124416K, 41% used [0x00000000c0000000,0x00000000c32c15f0,0x00000000c7980000)
 Metaspace       used 32149K, capacity 32380K, committed 32640K, reserved 1077248K
  class space    used 4573K, capacity 4648K, committed 4736K, reserved 1048576K
}
Event: 9.248 GC heap before
{Heap before GC invocations=12 (full 2):
 PSYoungGen      total 203776K, used 198636K [0x00000000eab00000, 0x00000000fc700000, 0x0000000100000000)
  eden space 194560K, 100% used [0x00000000eab00000,0x00000000f6900000,0x00000000f6900000)
  from space 9216K, 44% used [0x00000000f6900000,0x00000000f6cfb0d8,0x00000000f7200000)
  to   space 27648K, 0% used [0x00000000fac00000,0x00000000fac00000,0x00000000fc700000)
 ParOldGen       total 124416K, used 51973K [0x00000000c0000000, 0x00000000c7980000, 0x00000000eab00000)
  object space 124416K, 41% used [0x00000000c0000000,0x00000000c32c15f0,0x00000000c7980000)
 Metaspace       used 40573K, capacity 40770K, committed 41088K, reserved 1085440K
  class space    used 5678K, capacity 5736K, committed 5760K, reserved 1048576K
Event: 9.291 GC heap after
Heap after GC invocations=12 (full 2):
 PSYoungGen      total 249856K, used 27627K [0x00000000eab00000, 0x00000000fe700000, 0x0000000100000000)
  eden space 222208K, 0% used [0x00000000eab00000,0x00000000eab00000,0x00000000f8400000)
  from space 27648K, 99% used [0x00000000fac00000,0x00000000fc6face0,0x00000000fc700000)
  to   space 40960K, 0% used [0x00000000f8400000,0x00000000f8400000,0x00000000fac00000)
 ParOldGen       total 124416K, used 75242K [0x00000000c0000000, 0x00000000c7980000, 0x00000000eab00000)
  object space 124416K, 60% used [0x00000000c0000000,0x00000000c497ab10,0x00000000c7980000)
 Metaspace       used 40573K, capacity 40770K, committed 41088K, reserved 1085440K
  class space    used 5678K, capacity 5736K, committed 5760K, reserved 1048576K
}
Event: 12.146 GC heap before
{Heap before GC invocations=13 (full 2):
 PSYoungGen      total 249856K, used 249835K [0x00000000eab00000, 0x00000000fe700000, 0x0000000100000000)
  eden space 222208K, 100% used [0x00000000eab00000,0x00000000f8400000,0x00000000f8400000)
  from space 27648K, 99% used [0x00000000fac00000,0x00000000fc6face0,0x00000000fc700000)
  to   space 40960K, 0% used [0x00000000f8400000,0x00000000f8400000,0x00000000fac00000)
 ParOldGen       total 124416K, used 75242K [0x00000000c0000000, 0x00000000c7980000, 0x00000000eab00000)
  object space 124416K, 60% used [0x00000000c0000000,0x00000000c497ab10,0x00000000c7980000)
 Metaspace       used 48868K, capacity 49064K, committed 49536K, reserved 1091584K
  class space    used 6941K, capacity 7026K, committed 7040K, reserved 1048576K
Event: 12.203 GC heap after
Heap after GC invocations=13 (full 2):
 PSYoungGen      total 263168K, used 27911K [0x00000000eab00000, 0x0000000100000000, 0x0000000100000000)
  eden space 222208K, 0% used [0x00000000eab00000,0x00000000eab00000,0x00000000f8400000)
  from space 40960K, 68% used [0x00000000f8400000,0x00000000f9f41d68,0x00000000fac00000)
  to   space 43520K, 0% used [0x00000000fd580000,0x00000000fd580000,0x0000000100000000)
 ParOldGen       total 124416K, used 102308K [0x00000000c0000000, 0x00000000c7980000, 0x00000000eab00000)
  object space 124416K, 82% used [0x00000000c0000000,0x00000000c63e9148,0x00000000c7980000)
 Metaspace       used 48868K, capacity 49064K, committed 49536K, reserved 1091584K
  class space    used 6941K, capacity 7026K, committed 7040K, reserved 1048576K
}
Event: 12.203 GC heap before
{Heap before GC invocations=14 (full 3):
 PSYoungGen      total 263168K, used 27911K [0x00000000eab00000, 0x0000000100000000, 0x0000000100000000)
  eden space 222208K, 0% used [0x00000000eab00000,0x00000000eab00000,0x00000000f8400000)
  from space 40960K, 68% used [0x00000000f8400000,0x00000000f9f41d68,0x00000000fac00000)
  to   space 43520K, 0% used [0x00000000fd580000,0x00000000fd580000,0x0000000100000000)
 ParOldGen       total 124416K, used 102308K [0x00000000c0000000, 0x00000000c7980000, 0x00000000eab00000)
  object space 124416K, 82% used [0x00000000c0000000,0x00000000c63e9148,0x00000000c7980000)
 Metaspace       used 48868K, capacity 49064K, committed 49536K, reserved 1091584K
  class space    used 6941K, capacity 7026K, committed 7040K, reserved 1048576K

