# JRE version: Java(TM) SE Runtime Environment (8.0_221-b11) (build 1.8.0_221-b11)
# Java VM: Java HotSpot(TM) 64-Bit Server VM (25.221-b11 mixed mode linux-amd64 compressed oops)
Heap:
 PSYoungGen      total 264192K, used 0K [0x00000000eab00000, 0x0000000100000000, 0x0000000100000000)
  eden space 224256K, 0% used [0x00000000eab00000,0x00000000eab00000,0x00000000f8600000)
  from space 39936K, 0% used [0x00000000f8600000,0x00000000f8600000,0x00000000fad00000)
  to   space 42496K, 0% used [0x00000000fd680000,0x00000000fd680000,0x0000000100000000)
 ParOldGen       total 128000K, used 118796K [0x00000000c0000000, 0x00000000c7d00000, 0x00000000eab00000)
  object space 128000K, 92% used [0x00000000c0000000,0x00000000c7403360,0x00000000c7d00000)
 Metaspace       used 48999K, capacity 49224K, committed 49664K, reserved 1091584K
  class space    used 6958K, capacity 7058K, committed 7168K, reserved 1048576K
GC Heap History (10 events):
Event: 6.333 GC heap after
Heap after GC invocations=9 (full 1):
 PSYoungGen      total 171520K, used 6634K [0x00000000eab00000, 0x00000000f7800000, 0x0000000100000000)
  eden space 164864K, 0% used [0x00000000eab00000,0x00000000eab00000,0x00000000f4c00000)
  from space 6656K, 99% used [0x00000000f7180000,0x00000000f77fabf8,0x00000000f7800000)
  to   space 7680K, 0% used [0x00000000f6900000,0x00000000f6900000,0x00000000f7080000)
 ParOldGen       total 42496K, used 8472K [0x00000000c0000000, 0x00000000c2980000, 0x00000000eab00000)
  object space 42496K, 19% used [0x00000000c0000000,0x00000000c08462d0,0x00000000c2980000)
 Metaspace       used 26669K, capacity 26876K, committed 27008K, reserved 1073152K
  class space    used 3603K, capacity 3688K, committed 3712K, reserved 1048576K
}
Event: 7.858 GC heap before
{Heap before GC invocations=10 (full 1):
 PSYoungGen      total 171520K, used 171498K [0x00000000eab00000, 0x00000000f7800000, 0x0000000100000000)
  eden space 164864K, 100% used [0x00000000eab00000,0x00000000f4c00000,0x00000000f4c00000)
  from space 6656K, 99% used [0x00000000f7180000,0x00000000f77fabf8,0x00000000f7800000)
  to   space 7680K, 0% used [0x00000000f6900000,0x00000000f6900000,0x00000000f7080000)
 ParOldGen       total 42496K, used 8472K [0x00000000c0000000, 0x00000000c2980000, 0x00000000eab00000)
  object space 42496K, 19% used [0x00000000c0000000,0x00000000c08462d0,0x00000000c2980000)
 Metaspace       used 32152K, capacity 32380K, committed 32640K, reserved 1077248K
  class space    used 4573K, capacity 4648K, committed 4736K, reserved 1048576K
Event: 7.909 GC heap after
Heap after GC invocations=10 (full 1):
 PSYoungGen      total 202240K, used 7650K [0x00000000eab00000, 0x00000000fc780000, 0x0000000100000000)
  eden space 194560K, 0% used [0x00000000eab00000,0x00000000eab00000,0x00000000f6900000)
  from space 7680K, 99% used [0x00000000f6900000,0x00000000f7078808,0x00000000f7080000)
  to   space 27136K, 0% used [0x00000000fad00000,0x00000000fad00000,0x00000000fc780000)
 ParOldGen       total 54784K, used 54707K [0x00000000c0000000, 0x00000000c3580000, 0x00000000eab00000)
  object space 54784K, 99% used [0x00000000c0000000,0x00000000c356cd90,0x00000000c3580000)
 Metaspace       used 32152K, capacity 32380K, committed 32640K, reserved 1077248K
  class space    used 4573K, capacity 4648K, committed 4736K, reserved 1048576K
}
Event: 7.909 GC heap before
{Heap before GC invocations=11 (full 2):
 PSYoungGen      total 202240K, used 7650K [0x00000000eab00000, 0x00000000fc780000, 0x0000000100000000)
  eden space 194560K, 0% used [0x00000000eab00000,0x00000000eab00000,0x00000000f6900000)
  from space 7680K, 99% used [0x00000000f6900000,0x00000000f7078808,0x00000000f7080000)
  to   space 27136K, 0% used [0x00000000fad00000,0x00000000fad00000,0x00000000fc780000)
 ParOldGen       total 54784K, used 54707K [0x00000000c0000000, 0x00000000c3580000, 0x00000000eab00000)
  object space 54784K, 99% used [0x00000000c0000000,0x00000000c356cd90,0x00000000c3580000)
 Metaspace       used 32152K, capacity 32380K, committed 32640K, reserved 1077248K
  class space    used 4573K, capacity 4648K, committed 4736K, reserved 1048576K
Event: 8.081 GC heap after
Heap after GC invocations=11 (full 2):
 PSYoungGen      total 202240K, used 2525K [0x00000000eab00000, 0x00000000fc780000, 0x0000000100000000)
  eden space 194560K, 0% used [0x00000000eab00000,0x00000000eab00000,0x00000000f6900000)
  from space 7680K, 32% used [0x00000000f6900000,0x00000000f6b77758,0x00000000f7080000)
  to   space 27136K, 0% used [0x00000000fad00000,0x00000000fad00000,0x00000000fc780000)
 ParOldGen       total 128000K, used 54615K [0x00000000c0000000, 0x00000000c7d00000, 0x00000000eab00000)
  object space 128000K, 42% used [0x00000000c0000000,0x00000000c3555d98,0x00000000c7d00000)
 Metaspace       used 32152K, capacity 32380K, committed 32640K, reserved 1077248K
  class space    used 4573K, capacity 4648K, committed 4736K, reserved 1048576K
}
Event: 10.168 GC heap before
{Heap before GC invocations=12 (full 2):
 PSYoungGen      total 202240K, used 197085K [0x00000000eab00000, 0x00000000fc780000, 0x0000000100000000)
  eden space 194560K, 100% used [0x00000000eab00000,0x00000000f6900000,0x00000000f6900000)
  from space 7680K, 32% used [0x00000000f6900000,0x00000000f6b77758,0x00000000f7080000)
  to   space 27136K, 0% used [0x00000000fad00000,0x00000000fad00000,0x00000000fc780000)
 ParOldGen       total 128000K, used 54615K [0x00000000c0000000, 0x00000000c7d00000, 0x00000000eab00000)
  object space 128000K, 42% used [0x00000000c0000000,0x00000000c3555d98,0x00000000c7d00000)
 Metaspace       used 40575K, capacity 40770K, committed 41088K, reserved 1085440K
  class space    used 5678K, capacity 5736K, committed 5760K, reserved 1048576K
Event: 10.207 GC heap after
Heap after GC invocations=12 (full 2):
 PSYoungGen      total 251392K, used 27132K [0x00000000eab00000, 0x00000000fe100000, 0x0000000100000000)
  eden space 224256K, 0% used [0x00000000eab00000,0x00000000eab00000,0x00000000f8600000)
  from space 27136K, 99% used [0x00000000fad00000,0x00000000fc77f2f0,0x00000000fc780000)
  to   space 39936K, 0% used [0x00000000f8600000,0x00000000f8600000,0x00000000fad00000)
 ParOldGen       total 128000K, used 76554K [0x00000000c0000000, 0x00000000c7d00000, 0x00000000eab00000)
  object space 128000K, 59% used [0x00000000c0000000,0x00000000c4ac2ad8,0x00000000c7d00000)
 Metaspace       used 40575K, capacity 40770K, committed 41088K, reserved 1085440K
  class space    used 5678K, capacity 5736K, committed 5760K, reserved 1048576K
}
Event: 13.145 GC heap before
{Heap before GC invocations=13 (full 2):
 PSYoungGen      total 251392K, used 251388K [0x00000000eab00000, 0x00000000fe100000, 0x0000000100000000)
  eden space 224256K, 100% used [0x00000000eab00000,0x00000000f8600000,0x00000000f8600000)
  from space 27136K, 99% used [0x00000000fad00000,0x00000000fc77f2f0,0x00000000fc780000)
  to   space 39936K, 0% used [0x00000000f8600000,0x00000000f8600000,0x00000000fad00000)
 ParOldGen       total 128000K, used 76554K [0x00000000c0000000, 0x00000000c7d00000, 0x00000000eab00000)
  object space 128000K, 59% used [0x00000000c0000000,0x00000000c4ac2ad8,0x00000000c7d00000)
 Metaspace       used 48999K, capacity 49224K, committed 49664K, reserved 1091584K
  class space    used 6958K, capacity 7058K, committed 7168K, reserved 1048576K
Event: 13.214 GC heap after
Heap after GC invocations=13 (full 2):
 PSYoungGen      total 264192K, used 28404K [0x00000000eab00000, 0x0000000100000000, 0x0000000100000000)
  eden space 224256K, 0% used [0x00000000eab00000,0x00000000eab00000,0x00000000f8600000)
  from space 39936K, 71% used [0x00000000f8600000,0x00000000fa1bd398,0x00000000fad00000)
  to   space 42496K, 0% used [0x00000000fd680000,0x00000000fd680000,0x0000000100000000)
 ParOldGen       total 128000K, used 103103K [0x00000000c0000000, 0x00000000c7d00000, 0x00000000eab00000)
  object space 128000K, 80% used [0x00000000c0000000,0x00000000c64afd28,0x00000000c7d00000)
 Metaspace       used 48999K, capacity 49224K, committed 49664K, reserved 1091584K
  class space    used 6958K, capacity 7058K, committed 7168K, reserved 1048576K
}
Event: 13.214 GC heap before
{Heap before GC invocations=14 (full 3):
 PSYoungGen      total 264192K, used 28404K [0x00000000eab00000, 0x0000000100000000, 0x0000000100000000)
  eden space 224256K, 0% used [0x00000000eab00000,0x00000000eab00000,0x00000000f8600000)
  from space 39936K, 71% used [0x00000000f8600000,0x00000000fa1bd398,0x00000000fad00000)
  to   space 42496K, 0% used [0x00000000fd680000,0x00000000fd680000,0x0000000100000000)
 ParOldGen       total 128000K, used 103103K [0x00000000c0000000, 0x00000000c7d00000, 0x00000000eab00000)
  object space 128000K, 80% used [0x00000000c0000000,0x00000000c64afd28,0x00000000c7d00000)
 Metaspace       used 48999K, capacity 49224K, committed 49664K, reserved 1091584K
  class space    used 6958K, capacity 7058K, committed 7168K, reserved 1048576K

