# JRE version: Java(TM) SE Runtime Environment (8.0_221-b11) (build 1.8.0_221-b11)
# Java VM: Java HotSpot(TM) 64-Bit Server VM (25.221-b11 mixed mode linux-amd64 compressed oops)
Heap:
 PSYoungGen      total 70656K, used 5109K [0x00000000eab00000, 0x00000000ef500000, 0x0000000100000000)
  eden space 65536K, 0% used [0x00000000eab00000,0x00000000eab00000,0x00000000eeb00000)
  from space 5120K, 99% used [0x00000000eeb00000,0x00000000eeffd440,0x00000000ef000000)
  to   space 5120K, 0% used [0x00000000ef000000,0x00000000ef000000,0x00000000ef500000)
 ParOldGen       total 86016K, used 3715K [0x00000000c0000000, 0x00000000c5400000, 0x00000000eab00000)
  object space 86016K, 4% used [0x00000000c0000000,0x00000000c03a0de8,0x00000000c5400000)
 Metaspace       used 20982K, capacity 21104K, committed 21296K, reserved 1067008K
  class space    used 2852K, capacity 2918K, committed 2944K, reserved 1048576K
GC Heap History (9 events):
Event: 3.610 GC heap before
{Heap before GC invocations=1 (full 0):
 PSYoungGen      total 37888K, used 32768K [0x00000000eab00000, 0x00000000ed500000, 0x0000000100000000)
  eden space 32768K, 100% used [0x00000000eab00000,0x00000000ecb00000,0x00000000ecb00000)
  from space 5120K, 0% used [0x00000000ed000000,0x00000000ed000000,0x00000000ed500000)
  to   space 5120K, 0% used [0x00000000ecb00000,0x00000000ecb00000,0x00000000ed000000)
 ParOldGen       total 86016K, used 0K [0x00000000c0000000, 0x00000000c5400000, 0x00000000eab00000)
  object space 86016K, 0% used [0x00000000c0000000,0x00000000c0000000,0x00000000c5400000)
 Metaspace       used 9362K, capacity 9444K, committed 9600K, reserved 1056768K
  class space    used 1338K, capacity 1360K, committed 1408K, reserved 1048576K
Event: 3.633 GC heap after
Heap after GC invocations=1 (full 0):
 PSYoungGen      total 37888K, used 5113K [0x00000000eab00000, 0x00000000ed500000, 0x0000000100000000)
  eden space 32768K, 0% used [0x00000000eab00000,0x00000000eab00000,0x00000000ecb00000)
  from space 5120K, 99% used [0x00000000ecb00000,0x00000000ecffe430,0x00000000ed000000)
  to   space 5120K, 0% used [0x00000000ed000000,0x00000000ed000000,0x00000000ed500000)
 ParOldGen       total 86016K, used 1090K [0x00000000c0000000, 0x00000000c5400000, 0x00000000eab00000)
  object space 86016K, 1% used [0x00000000c0000000,0x00000000c0110ae8,0x00000000c5400000)
 Metaspace       used 9362K, capacity 9444K, committed 9600K, reserved 1056768K
  class space    used 1338K, capacity 1360K, committed 1408K, reserved 1048576K
}
Event: 4.298 GC heap before
{Heap before GC invocations=2 (full 0):
 PSYoungGen      total 37888K, used 37881K [0x00000000eab00000, 0x00000000ed500000, 0x0000000100000000)
  eden space 32768K, 100% used [0x00000000eab00000,0x00000000ecb00000,0x00000000ecb00000)
  from space 5120K, 99% used [0x00000000ecb00000,0x00000000ecffe430,0x00000000ed000000)
  to   space 5120K, 0% used [0x00000000ed000000,0x00000000ed000000,0x00000000ed500000)
 ParOldGen       total 86016K, used 1090K [0x00000000c0000000, 0x00000000c5400000, 0x00000000eab00000)
  object space 86016K, 1% used [0x00000000c0000000,0x00000000c0110ae8,0x00000000c5400000)
 Metaspace       used 11723K, capacity 11844K, committed 12032K, reserved 1058816K
  class space    used 1667K, capacity 1712K, committed 1792K, reserved 1048576K
Event: 4.334 GC heap after
Heap after GC invocations=2 (full 0):
 PSYoungGen      total 37888K, used 3923K [0x00000000eab00000, 0x00000000ef500000, 0x0000000100000000)
  eden space 32768K, 0% used [0x00000000eab00000,0x00000000eab00000,0x00000000ecb00000)
  from space 5120K, 76% used [0x00000000ed000000,0x00000000ed3d4ca8,0x00000000ed500000)
  to   space 5120K, 0% used [0x00000000ecb00000,0x00000000ecb00000,0x00000000ed000000)
 ParOldGen       total 86016K, used 1098K [0x00000000c0000000, 0x00000000c5400000, 0x00000000eab00000)
  object space 86016K, 1% used [0x00000000c0000000,0x00000000c0112ae8,0x00000000c5400000)
 Metaspace       used 11723K, capacity 11844K, committed 12032K, reserved 1058816K
  class space    used 1667K, capacity 1712K, committed 1792K, reserved 1048576K
}
Event: 5.039 GC heap before
{Heap before GC invocations=3 (full 0):
 PSYoungGen      total 37888K, used 36691K [0x00000000eab00000, 0x00000000ef500000, 0x0000000100000000)
  eden space 32768K, 100% used [0x00000000eab00000,0x00000000ecb00000,0x00000000ecb00000)
  from space 5120K, 76% used [0x00000000ed000000,0x00000000ed3d4ca8,0x00000000ed500000)
  to   space 5120K, 0% used [0x00000000ecb00000,0x00000000ecb00000,0x00000000ed000000)
 ParOldGen       total 86016K, used 1098K [0x00000000c0000000, 0x00000000c5400000, 0x00000000eab00000)
  object space 86016K, 1% used [0x00000000c0000000,0x00000000c0112ae8,0x00000000c5400000)
 Metaspace       used 13601K, capacity 13732K, committed 14080K, reserved 1060864K
  class space    used 1901K, capacity 1936K, committed 2048K, reserved 1048576K
Event: 5.044 GC heap after
Heap after GC invocations=3 (full 0):
 PSYoungGen      total 37888K, used 4209K [0x00000000eab00000, 0x00000000ef500000, 0x0000000100000000)
  eden space 32768K, 0% used [0x00000000eab00000,0x00000000eab00000,0x00000000ecb00000)
  from space 5120K, 82% used [0x00000000ecb00000,0x00000000ecf1c6c8,0x00000000ed000000)
  to   space 5120K, 0% used [0x00000000ef000000,0x00000000ef000000,0x00000000ef500000)
 ParOldGen       total 86016K, used 1170K [0x00000000c0000000, 0x00000000c5400000, 0x00000000eab00000)
  object space 86016K, 1% used [0x00000000c0000000,0x00000000c0124af8,0x00000000c5400000)
 Metaspace       used 13601K, capacity 13732K, committed 14080K, reserved 1060864K
  class space    used 1901K, capacity 1936K, committed 2048K, reserved 1048576K
}
Event: 6.685 GC heap before
{Heap before GC invocations=4 (full 0):
 PSYoungGen      total 37888K, used 36977K [0x00000000eab00000, 0x00000000ef500000, 0x0000000100000000)
  eden space 32768K, 100% used [0x00000000eab00000,0x00000000ecb00000,0x00000000ecb00000)
  from space 5120K, 82% used [0x00000000ecb00000,0x00000000ecf1c6c8,0x00000000ed000000)
  to   space 5120K, 0% used [0x00000000ef000000,0x00000000ef000000,0x00000000ef500000)
 ParOldGen       total 86016K, used 1170K [0x00000000c0000000, 0x00000000c5400000, 0x00000000eab00000)
  object space 86016K, 1% used [0x00000000c0000000,0x00000000c0124af8,0x00000000c5400000)
 Metaspace       used 15866K, capacity 15984K, committed 16128K, reserved 1062912K
  class space    used 2233K, capacity 2258K, committed 2304K, reserved 1048576K
Event: 6.704 GC heap after
Heap after GC invocations=4 (full 0):
 PSYoungGen      total 70656K, used 4451K [0x00000000eab00000, 0x00000000ef500000, 0x0000000100000000)
  eden space 65536K, 0% used [0x00000000eab00000,0x00000000eab00000,0x00000000eeb00000)
  from space 5120K, 86% used [0x00000000ef000000,0x00000000ef458fc0,0x00000000ef500000)
  to   space 5120K, 0% used [0x00000000eeb00000,0x00000000eeb00000,0x00000000ef000000)
 ParOldGen       total 86016K, used 1186K [0x00000000c0000000, 0x00000000c5400000, 0x00000000eab00000)
  object space 86016K, 1% used [0x00000000c0000000,0x00000000c0128af8,0x00000000c5400000)
 Metaspace       used 15866K, capacity 15984K, committed 16128K, reserved 1062912K
  class space    used 2233K, capacity 2258K, committed 2304K, reserved 1048576K
}
Event: 11.145 GC heap before
{Heap before GC invocations=5 (full 0):
 PSYoungGen      total 70656K, used 52293K [0x00000000eab00000, 0x00000000ef500000, 0x0000000100000000)
  eden space 65536K, 73% used [0x00000000eab00000,0x00000000ed9b86d0,0x00000000eeb00000)
  from space 5120K, 86% used [0x00000000ef000000,0x00000000ef458fc0,0x00000000ef500000)
  to   space 5120K, 0% used [0x00000000eeb00000,0x00000000eeb00000,0x00000000ef000000)
 ParOldGen       total 86016K, used 1186K [0x00000000c0000000, 0x00000000c5400000, 0x00000000eab00000)
  object space 86016K, 1% used [0x00000000c0000000,0x00000000c0128af8,0x00000000c5400000)
 Metaspace       used 20982K, capacity 21104K, committed 21296K, reserved 1067008K
  class space    used 2852K, capacity 2918K, committed 2944K, reserved 1048576K

