# JRE version: Java(TM) SE Runtime Environment (8.0_221-b11) (build 1.8.0_221-b11)
# Java VM: Java HotSpot(TM) 64-Bit Server VM (25.221-b11 mixed mode linux-amd64 compressed oops)
Heap:
 PSYoungGen      total 274432K, used 0K [0x00000000e0f80000, 0x00000000f6480000, 0x0000000100000000)
  eden space 225792K, 0% used [0x00000000e0f80000,0x00000000e0f80000,0x00000000eec00000)
  from space 48640K, 0% used [0x00000000f2380000,0x00000000f2380000,0x00000000f5300000)
  to   space 56832K, 0% used [0x00000000eec00000,0x00000000eec00000,0x00000000f2380000)
 ParOldGen       total 118272K, used 93727K [0x00000000a2e00000, 0x00000000aa180000, 0x00000000e0f80000)
  object space 118272K, 79% used [0x00000000a2e00000,0x00000000a8987d68,0x00000000aa180000)
 Metaspace       used 55087K, capacity 59084K, committed 59160K, reserved 1099776K
  class space    used 7748K, capacity 8075K, committed 8112K, reserved 1048576K
GC Heap History (10 events):
Event: 2.232 GC heap after
Heap after GC invocations=6 (full 1):
 PSYoungGen      total 101888K, used 0K [0x00000000e0f80000, 0x00000000ee680000, 0x0000000100000000)
  eden space 98304K, 0% used [0x00000000e0f80000,0x00000000e0f80000,0x00000000e6f80000)
  from space 3584K, 0% used [0x00000000e6f80000,0x00000000e6f80000,0x00000000e7300000)
  to   space 11776K, 0% used [0x00000000edb00000,0x00000000edb00000,0x00000000ee680000)
 ParOldGen       total 53760K, used 12203K [0x00000000a2e00000, 0x00000000a6280000, 0x00000000e0f80000)
  object space 53760K, 22% used [0x00000000a2e00000,0x00000000a39eac28,0x00000000a6280000)
 Metaspace       used 20834K, capacity 21202K, committed 21296K, reserved 1067008K
  class space    used 3228K, capacity 3361K, committed 3376K, reserved 1048576K
}
Event: 3.728 GC heap before
{Heap before GC invocations=7 (full 1):
 PSYoungGen      total 101888K, used 98304K [0x00000000e0f80000, 0x00000000ee680000, 0x0000000100000000)
  eden space 98304K, 100% used [0x00000000e0f80000,0x00000000e6f80000,0x00000000e6f80000)
  from space 3584K, 0% used [0x00000000e6f80000,0x00000000e6f80000,0x00000000e7300000)
  to   space 11776K, 0% used [0x00000000edb00000,0x00000000edb00000,0x00000000ee680000)
 ParOldGen       total 53760K, used 12203K [0x00000000a2e00000, 0x00000000a6280000, 0x00000000e0f80000)
  object space 53760K, 22% used [0x00000000a2e00000,0x00000000a39eac28,0x00000000a6280000)
 Metaspace       used 34416K, capacity 35381K, committed 35496K, reserved 1079296K
  class space    used 5405K, capacity 5633K, committed 5680K, reserved 1048576K
Event: 3.756 GC heap after
Heap after GC invocations=7 (full 1):
 PSYoungGen      total 173056K, used 11744K [0x00000000e0f80000, 0x00000000ee800000, 0x0000000100000000)
  eden space 161280K, 0% used [0x00000000e0f80000,0x00000000e0f80000,0x00000000ead00000)
  from space 11776K, 99% used [0x00000000edb00000,0x00000000ee678070,0x00000000ee680000)
  to   space 30208K, 0% used [0x00000000ead00000,0x00000000ead00000,0x00000000eca80000)
 ParOldGen       total 53760K, used 41094K [0x00000000a2e00000, 0x00000000a6280000, 0x00000000e0f80000)
  object space 53760K, 76% used [0x00000000a2e00000,0x00000000a5621888,0x00000000a6280000)
 Metaspace       used 34416K, capacity 35381K, committed 35496K, reserved 1079296K
  class space    used 5405K, capacity 5633K, committed 5680K, reserved 1048576K
}
Event: 3.756 GC heap before
{Heap before GC invocations=8 (full 2):
 PSYoungGen      total 173056K, used 11744K [0x00000000e0f80000, 0x00000000ee800000, 0x0000000100000000)
  eden space 161280K, 0% used [0x00000000e0f80000,0x00000000e0f80000,0x00000000ead00000)
  from space 11776K, 99% used [0x00000000edb00000,0x00000000ee678070,0x00000000ee680000)
  to   space 30208K, 0% used [0x00000000ead00000,0x00000000ead00000,0x00000000eca80000)
 ParOldGen       total 53760K, used 41094K [0x00000000a2e00000, 0x00000000a6280000, 0x00000000e0f80000)
  object space 53760K, 76% used [0x00000000a2e00000,0x00000000a5621888,0x00000000a6280000)
 Metaspace       used 34416K, capacity 35381K, committed 35496K, reserved 1079296K
  class space    used 5405K, capacity 5633K, committed 5680K, reserved 1048576K
Event: 3.816 GC heap after
Heap after GC invocations=8 (full 2):
 PSYoungGen      total 173056K, used 0K [0x00000000e0f80000, 0x00000000ee800000, 0x0000000100000000)
  eden space 161280K, 0% used [0x00000000e0f80000,0x00000000e0f80000,0x00000000ead00000)
  from space 11776K, 0% used [0x00000000edb00000,0x00000000edb00000,0x00000000ee680000)
  to   space 30208K, 0% used [0x00000000ead00000,0x00000000ead00000,0x00000000eca80000)
 ParOldGen       total 118272K, used 44926K [0x00000000a2e00000, 0x00000000aa180000, 0x00000000e0f80000)
  object space 118272K, 37% used [0x00000000a2e00000,0x00000000a59df988,0x00000000aa180000)
 Metaspace       used 34416K, capacity 35381K, committed 35496K, reserved 1079296K
  class space    used 5405K, capacity 5633K, committed 5680K, reserved 1048576K
}
Event: 8.161 GC heap before
{Heap before GC invocations=9 (full 2):
 PSYoungGen      total 173056K, used 161280K [0x00000000e0f80000, 0x00000000ee800000, 0x0000000100000000)
  eden space 161280K, 100% used [0x00000000e0f80000,0x00000000ead00000,0x00000000ead00000)
  from space 11776K, 0% used [0x00000000edb00000,0x00000000edb00000,0x00000000ee680000)
  to   space 30208K, 0% used [0x00000000ead00000,0x00000000ead00000,0x00000000eca80000)
 ParOldGen       total 118272K, used 44926K [0x00000000a2e00000, 0x00000000aa180000, 0x00000000e0f80000)
  object space 118272K, 37% used [0x00000000a2e00000,0x00000000a59df988,0x00000000aa180000)
 Metaspace       used 51150K, capacity 54410K, committed 54448K, reserved 1095680K
  class space    used 7291K, capacity 7562K, committed 7600K, reserved 1048576K
Event: 8.227 GC heap after
Heap after GC invocations=9 (full 2):
 PSYoungGen      total 191488K, used 30177K [0x00000000e0f80000, 0x00000000f5300000, 0x0000000100000000)
  eden space 161280K, 0% used [0x00000000e0f80000,0x00000000e0f80000,0x00000000ead00000)
  from space 30208K, 99% used [0x00000000ead00000,0x00000000eca787e8,0x00000000eca80000)
  to   space 48640K, 0% used [0x00000000f2380000,0x00000000f2380000,0x00000000f5300000)
 ParOldGen       total 118272K, used 67941K [0x00000000a2e00000, 0x00000000aa180000, 0x00000000e0f80000)
  object space 118272K, 57% used [0x00000000a2e00000,0x00000000a7059660,0x00000000aa180000)
 Metaspace       used 51150K, capacity 54410K, committed 54448K, reserved 1095680K
  class space    used 7291K, capacity 7562K, committed 7600K, reserved 1048576K
}
Event: 9.951 GC heap before
{Heap before GC invocations=10 (full 2):
 PSYoungGen      total 191488K, used 134818K [0x00000000e0f80000, 0x00000000f5300000, 0x0000000100000000)
  eden space 161280K, 64% used [0x00000000e0f80000,0x00000000e75b03b8,0x00000000ead00000)
  from space 30208K, 99% used [0x00000000ead00000,0x00000000eca787e8,0x00000000eca80000)
  to   space 48640K, 0% used [0x00000000f2380000,0x00000000f2380000,0x00000000f5300000)
 ParOldGen       total 118272K, used 67941K [0x00000000a2e00000, 0x00000000aa180000, 0x00000000e0f80000)
  object space 118272K, 57% used [0x00000000a2e00000,0x00000000a7059660,0x00000000aa180000)
 Metaspace       used 55087K, capacity 59084K, committed 59160K, reserved 1099776K
  class space    used 7748K, capacity 8075K, committed 8112K, reserved 1048576K
Event: 9.994 GC heap after
Heap after GC invocations=10 (full 2):
 PSYoungGen      total 274432K, used 44905K [0x00000000e0f80000, 0x00000000f6480000, 0x0000000100000000)
  eden space 225792K, 0% used [0x00000000e0f80000,0x00000000e0f80000,0x00000000eec00000)
  from space 48640K, 92% used [0x00000000f2380000,0x00000000f4f5a480,0x00000000f5300000)
  to   space 56832K, 0% used [0x00000000eec00000,0x00000000eec00000,0x00000000f2380000)
 ParOldGen       total 118272K, used 67949K [0x00000000a2e00000, 0x00000000aa180000, 0x00000000e0f80000)
  object space 118272K, 57% used [0x00000000a2e00000,0x00000000a705b660,0x00000000aa180000)
 Metaspace       used 55087K, capacity 59084K, committed 59160K, reserved 1099776K
  class space    used 7748K, capacity 8075K, committed 8112K, reserved 1048576K
}
Event: 9.994 GC heap before
{Heap before GC invocations=11 (full 3):
 PSYoungGen      total 274432K, used 44905K [0x00000000e0f80000, 0x00000000f6480000, 0x0000000100000000)
  eden space 225792K, 0% used [0x00000000e0f80000,0x00000000e0f80000,0x00000000eec00000)
  from space 48640K, 92% used [0x00000000f2380000,0x00000000f4f5a480,0x00000000f5300000)
  to   space 56832K, 0% used [0x00000000eec00000,0x00000000eec00000,0x00000000f2380000)
 ParOldGen       total 118272K, used 67949K [0x00000000a2e00000, 0x00000000aa180000, 0x00000000e0f80000)
  object space 118272K, 57% used [0x00000000a2e00000,0x00000000a705b660,0x00000000aa180000)
 Metaspace       used 55087K, capacity 59084K, committed 59160K, reserved 1099776K
  class space    used 7748K, capacity 8075K, committed 8112K, reserved 1048576K

